<?xml version="1.0" encoding="UTF-8"?>
<!-- Generated by org.testng.reporters.JUnitXMLReporter -->
<testsuite hostname="LAPTOP-94EP1FIV" ignored="0" name="Test Case Three" tests="1" failures="1" timestamp="05 Jul 2020 12:06:15 GMT" time="11.98" errors="0">
  <testcase name="testTitle" time="0.011" classname="testCases.TC_003">
    <failure type="java.lang.AssertionError" message="expected [My Store..] but found [My Store]">
      <![CDATA[java.lang.AssertionError: expected [My Store..] but found [My Store]
at testCases.TC_003.testTitle(TC_003.java:28)
... Removed 35 stack frames]]>
    </failure>
  </testcase> <!-- testTitle -->
</testsuite> <!-- Test Case Three -->
