<?xml version="1.0" encoding="UTF-8"?>
<!-- Generated by org.testng.reporters.JUnitXMLReporter -->
<testsuite hostname="LAPTOP-94EP1FIV" ignored="0" name="Test Case One" tests="1" failures="1" timestamp="05 Jul 2020 12:05:51 GMT" time="25.107" errors="0">
  <testcase name="testCase001" time="11.991" classname="testCases.TC_001">
    <failure type="java.lang.AssertionError" message="expected [] but found [Product successfully added to your shopping cart]">
      <![CDATA[java.lang.AssertionError: expected [] but found [Product successfully added to your shopping cart]
at testCases.TC_001.testCase001(TC_001.java:69)
... Removed 35 stack frames]]>
    </failure>
  </testcase> <!-- testCase001 -->
</testsuite> <!-- Test Case One -->
